  Mitarbeiter.cpp
C:\Users\Данил\source\repos\Mitarbeiter\Mitarbeiter\Mitarbeiter.cpp(62,17): error C2679: бинарный "<<": не найден оператор, принимающий правый операнд типа "const _Ty" (или приемлемое преобразование отсутствует)
C:\Users\Данил\source\repos\Mitarbeiter\Mitarbeiter\Mitarbeiter.cpp(62,17): error C2679:         with
C:\Users\Данил\source\repos\Mitarbeiter\Mitarbeiter\Mitarbeiter.cpp(62,17): error C2679:         [
C:\Users\Данил\source\repos\Mitarbeiter\Mitarbeiter\Mitarbeiter.cpp(62,17): error C2679:             _Ty=worker
C:\Users\Данил\source\repos\Mitarbeiter\Mitarbeiter\Mitarbeiter.cpp(62,17): error C2679:         ]
      C:\Program Files\Microsoft Visual Studio\2022\Community\VC\Tools\MSVC\14.41.34120\include\ostream(486,39):
      может быть "std::basic_ostream<char,std::char_traits<char>> &std::basic_ostream<char,std::char_traits<char>>::operator <<(std::basic_streambuf<char,std::char_traits<char>> *)"
          C:\Users\Данил\source\repos\Mitarbeiter\Mitarbeiter\Mitarbeiter.cpp(62,17):
          "std::basic_ostream<char,std::char_traits<char>> &std::basic_ostream<char,std::char_traits<char>>::operator <<(std::basic_streambuf<char,std::char_traits<char>> *)": невозможно преобразовать аргумент 2 из "const _Ty" в "std::basic_streambuf<char,std::char_traits<char>> *"
          with
          [
              _Ty=worker
          ]
              C:\Users\Данил\source\repos\Mitarbeiter\Mitarbeiter\Mitarbeiter.cpp(62,25):
              Для выполнения данного преобразования нет доступного оператора преобразования, определенного пользователем, или вызов оператора невозможен
      C:\Program Files\Microsoft Visual Studio\2022\Community\VC\Tools\MSVC\14.41.34120\include\ostream(454,39):
      или       "std::basic_ostream<char,std::char_traits<char>> &std::basic_ostream<char,std::char_traits<char>>::operator <<(const void *)"
          C:\Users\Данил\source\repos\Mitarbeiter\Mitarbeiter\Mitarbeiter.cpp(62,17):
          "std::basic_ostream<char,std::char_traits<char>> &std::basic_ostream<char,std::char_traits<char>>::operator <<(const void *)": невозможно преобразовать аргумент 2 из "const _Ty" в "const void *"
          with
          [
              _Ty=worker
          ]
              C:\Users\Данил\source\repos\Mitarbeiter\Mitarbeiter\Mitarbeiter.cpp(62,25):
              Для выполнения данного преобразования нет доступного оператора преобразования, определенного пользователем, или вызов оператора невозможен
      C:\Program Files\Microsoft Visual Studio\2022\Community\VC\Tools\MSVC\14.41.34120\include\ostream(436,39):
      или       "std::basic_ostream<char,std::char_traits<char>> &std::basic_ostream<char,std::char_traits<char>>::operator <<(long double)"
          C:\Users\Данил\source\repos\Mitarbeiter\Mitarbeiter\Mitarbeiter.cpp(62,17):
          "std::basic_ostream<char,std::char_traits<char>> &std::basic_ostream<char,std::char_traits<char>>::operator <<(long double)": невозможно преобразовать аргумент 2 из "const _Ty" в "long double"
          with
          [
              _Ty=worker
          ]
              C:\Users\Данил\source\repos\Mitarbeiter\Mitarbeiter\Mitarbeiter.cpp(62,25):
              Для выполнения данного преобразования нет доступного оператора преобразования, определенного пользователем, или вызов оператора невозможен
      C:\Program Files\Microsoft Visual Studio\2022\Community\VC\Tools\MSVC\14.41.34120\include\ostream(418,39):
      или       "std::basic_ostream<char,std::char_traits<char>> &std::basic_ostream<char,std::char_traits<char>>::operator <<(double)"
          C:\Users\Данил\source\repos\Mitarbeiter\Mitarbeiter\Mitarbeiter.cpp(62,17):
          "std::basic_ostream<char,std::char_traits<char>> &std::basic_ostream<char,std::char_traits<char>>::operator <<(double)": невозможно преобразовать аргумент 2 из "const _Ty" в "double"
          with
          [
              _Ty=worker
          ]
              C:\Users\Данил\source\repos\Mitarbeiter\Mitarbeiter\Mitarbeiter.cpp(62,25):
              Для выполнения данного преобразования нет доступного оператора преобразования, определенного пользователем, или вызов оператора невозможен
      C:\Program Files\Microsoft Visual Studio\2022\Community\VC\Tools\MSVC\14.41.34120\include\ostream(400,39):
      или       "std::basic_ostream<char,std::char_traits<char>> &std::basic_ostream<char,std::char_traits<char>>::operator <<(float)"
          C:\Users\Данил\source\repos\Mitarbeiter\Mitarbeiter\Mitarbeiter.cpp(62,17):
          "std::basic_ostream<char,std::char_traits<char>> &std::basic_ostream<char,std::char_traits<char>>::operator <<(float)": невозможно преобразовать аргумент 2 из "const _Ty" в "float"
          with
          [
              _Ty=worker
          ]
              C:\Users\Данил\source\repos\Mitarbeiter\Mitarbeiter\Mitarbeiter.cpp(62,25):
              Для выполнения данного преобразования нет доступного оператора преобразования, определенного пользователем, или вызов оператора невозможен
      C:\Program Files\Microsoft Visual Studio\2022\Community\VC\Tools\MSVC\14.41.34120\include\ostream(382,39):
      или       "std::basic_ostream<char,std::char_traits<char>> &std::basic_ostream<char,std::char_traits<char>>::operator <<(unsigned __int64)"
          C:\Users\Данил\source\repos\Mitarbeiter\Mitarbeiter\Mitarbeiter.cpp(62,17):
          "std::basic_ostream<char,std::char_traits<char>> &std::basic_ostream<char,std::char_traits<char>>::operator <<(unsigned __int64)": невозможно преобразовать аргумент 2 из "const _Ty" в "unsigned __int64"
          with
          [
              _Ty=worker
          ]
              C:\Users\Данил\source\repos\Mitarbeiter\Mitarbeiter\Mitarbeiter.cpp(62,25):
              Для выполнения данного преобразования нет доступного оператора преобразования, определенного пользователем, или вызов оператора невозможен
      C:\Program Files\Microsoft Visual Studio\2022\Community\VC\Tools\MSVC\14.41.34120\include\ostream(364,39):
      или       "std::basic_ostream<char,std::char_traits<char>> &std::basic_ostream<char,std::char_traits<char>>::operator <<(__int64)"
          C:\Users\Данил\source\repos\Mitarbeiter\Mitarbeiter\Mitarbeiter.cpp(62,17):
          "std::basic_ostream<char,std::char_traits<char>> &std::basic_ostream<char,std::char_traits<char>>::operator <<(__int64)": невозможно преобразовать аргумент 2 из "const _Ty" в "__int64"
          with
          [
              _Ty=worker
          ]
              C:\Users\Данил\source\repos\Mitarbeiter\Mitarbeiter\Mitarbeiter.cpp(62,25):
              Для выполнения данного преобразования нет доступного оператора преобразования, определенного пользователем, или вызов оператора невозможен
      C:\Program Files\Microsoft Visual Studio\2022\Community\VC\Tools\MSVC\14.41.34120\include\ostream(346,39):
      или       "std::basic_ostream<char,std::char_traits<char>> &std::basic_ostream<char,std::char_traits<char>>::operator <<(unsigned long)"
          C:\Users\Данил\source\repos\Mitarbeiter\Mitarbeiter\Mitarbeiter.cpp(62,17):
          "std::basic_ostream<char,std::char_traits<char>> &std::basic_ostream<char,std::char_traits<char>>::operator <<(unsigned long)": невозможно преобразовать аргумент 2 из "const _Ty" в "unsigned long"
          with
          [
              _Ty=worker
          ]
              C:\Users\Данил\source\repos\Mitarbeiter\Mitarbeiter\Mitarbeiter.cpp(62,25):
              Для выполнения данного преобразования нет доступного оператора преобразования, определенного пользователем, или вызов оператора невозможен
      C:\Program Files\Microsoft Visual Studio\2022\Community\VC\Tools\MSVC\14.41.34120\include\ostream(328,39):
      или       "std::basic_ostream<char,std::char_traits<char>> &std::basic_ostream<char,std::char_traits<char>>::operator <<(long)"
          C:\Users\Данил\source\repos\Mitarbeiter\Mitarbeiter\Mitarbeiter.cpp(62,17):
          "std::basic_ostream<char,std::char_traits<char>> &std::basic_ostream<char,std::char_traits<char>>::operator <<(long)": невозможно преобразовать аргумент 2 из "const _Ty" в "long"
          with
          [
              _Ty=worker
          ]
              C:\Users\Данил\source\repos\Mitarbeiter\Mitarbeiter\Mitarbeiter.cpp(62,25):
              Для выполнения данного преобразования нет доступного оператора преобразования, определенного пользователем, или вызов оператора невозможен
      C:\Program Files\Microsoft Visual Studio\2022\Community\VC\Tools\MSVC\14.41.34120\include\ostream(309,39):
      или       "std::basic_ostream<char,std::char_traits<char>> &std::basic_ostream<char,std::char_traits<char>>::operator <<(unsigned int)"
          C:\Users\Данил\source\repos\Mitarbeiter\Mitarbeiter\Mitarbeiter.cpp(62,17):
          "std::basic_ostream<char,std::char_traits<char>> &std::basic_ostream<char,std::char_traits<char>>::operator <<(unsigned int)": невозможно преобразовать аргумент 2 из "const _Ty" в "unsigned int"
          with
          [
              _Ty=worker
          ]
              C:\Users\Данил\source\repos\Mitarbeiter\Mitarbeiter\Mitarbeiter.cpp(62,25):
              Для выполнения данного преобразования нет доступного оператора преобразования, определенного пользователем, или вызов оператора невозможен
      C:\Program Files\Microsoft Visual Studio\2022\Community\VC\Tools\MSVC\14.41.34120\include\ostream(283,39):
      или       "std::basic_ostream<char,std::char_traits<char>> &std::basic_ostream<char,std::char_traits<char>>::operator <<(int)"
          C:\Users\Данил\source\repos\Mitarbeiter\Mitarbeiter\Mitarbeiter.cpp(62,17):
          "std::basic_ostream<char,std::char_traits<char>> &std::basic_ostream<char,std::char_traits<char>>::operator <<(int)": невозможно преобразовать аргумент 2 из "const _Ty" в "int"
          with
          [
              _Ty=worker
          ]
              C:\Users\Данил\source\repos\Mitarbeiter\Mitarbeiter\Mitarbeiter.cpp(62,25):
              Для выполнения данного преобразования нет доступного оператора преобразования, определенного пользователем, или вызов оператора невозможен
      C:\Program Files\Microsoft Visual Studio\2022\Community\VC\Tools\MSVC\14.41.34120\include\ostream(264,39):
      или       "std::basic_ostream<char,std::char_traits<char>> &std::basic_ostream<char,std::char_traits<char>>::operator <<(unsigned short)"
          C:\Users\Данил\source\repos\Mitarbeiter\Mitarbeiter\Mitarbeiter.cpp(62,17):
          "std::basic_ostream<char,std::char_traits<char>> &std::basic_ostream<char,std::char_traits<char>>::operator <<(unsigned short)": невозможно преобразовать аргумент 2 из "const _Ty" в "unsigned short"
          with
          [
              _Ty=worker
          ]
              C:\Users\Данил\source\repos\Mitarbeiter\Mitarbeiter\Mitarbeiter.cpp(62,25):
              Для выполнения данного преобразования нет доступного оператора преобразования, определенного пользователем, или вызов оператора невозможен
      C:\Program Files\Microsoft Visual Studio\2022\Community\VC\Tools\MSVC\14.41.34120\include\ostream(230,39):
      или       "std::basic_ostream<char,std::char_traits<char>> &std::basic_ostream<char,std::char_traits<char>>::operator <<(short)"
          C:\Users\Данил\source\repos\Mitarbeiter\Mitarbeiter\Mitarbeiter.cpp(62,17):
          "std::basic_ostream<char,std::char_traits<char>> &std::basic_ostream<char,std::char_traits<char>>::operator <<(short)": невозможно преобразовать аргумент 2 из "const _Ty" в "short"
          with
          [
              _Ty=worker
          ]
              C:\Users\Данил\source\repos\Mitarbeiter\Mitarbeiter\Mitarbeiter.cpp(62,25):
              Для выполнения данного преобразования нет доступного оператора преобразования, определенного пользователем, или вызов оператора невозможен
      C:\Program Files\Microsoft Visual Studio\2022\Community\VC\Tools\MSVC\14.41.34120\include\ostream(212,39):
      или       "std::basic_ostream<char,std::char_traits<char>> &std::basic_ostream<char,std::char_traits<char>>::operator <<(bool)"
          C:\Users\Данил\source\repos\Mitarbeiter\Mitarbeiter\Mitarbeiter.cpp(62,17):
          "std::basic_ostream<char,std::char_traits<char>> &std::basic_ostream<char,std::char_traits<char>>::operator <<(bool)": невозможно преобразовать аргумент 2 из "const _Ty" в "bool"
          with
          [
              _Ty=worker
          ]
              C:\Users\Данил\source\repos\Mitarbeiter\Mitarbeiter\Mitarbeiter.cpp(62,25):
              Для выполнения данного преобразования нет доступного оператора преобразования, определенного пользователем, или вызов оператора невозможен
      C:\Program Files\Microsoft Visual Studio\2022\Community\VC\Tools\MSVC\14.41.34120\include\ostream(206,39):
      или       "std::basic_ostream<char,std::char_traits<char>> &std::basic_ostream<char,std::char_traits<char>>::operator <<(std::ios_base &(__cdecl *)(std::ios_base &))"
          C:\Users\Данил\source\repos\Mitarbeiter\Mitarbeiter\Mitarbeiter.cpp(62,17):
          "std::basic_ostream<char,std::char_traits<char>> &std::basic_ostream<char,std::char_traits<char>>::operator <<(std::ios_base &(__cdecl *)(std::ios_base &))": невозможно преобразовать аргумент 2 из "const _Ty" в "std::ios_base &(__cdecl *)(std::ios_base &)"
          with
          [
              _Ty=worker
          ]
              C:\Users\Данил\source\repos\Mitarbeiter\Mitarbeiter\Mitarbeiter.cpp(62,25):
              Для выполнения данного преобразования нет доступного оператора преобразования, определенного пользователем, или вызов оператора невозможен
      C:\Program Files\Microsoft Visual Studio\2022\Community\VC\Tools\MSVC\14.41.34120\include\ostream(200,39):
      или       "std::basic_ostream<char,std::char_traits<char>> &std::basic_ostream<char,std::char_traits<char>>::operator <<(std::basic_ios<char,std::char_traits<char>> &(__cdecl *)(std::basic_ios<char,std::char_traits<char>> &))"
          C:\Users\Данил\source\repos\Mitarbeiter\Mitarbeiter\Mitarbeiter.cpp(62,17):
          "std::basic_ostream<char,std::char_traits<char>> &std::basic_ostream<char,std::char_traits<char>>::operator <<(std::basic_ios<char,std::char_traits<char>> &(__cdecl *)(std::basic_ios<char,std::char_traits<char>> &))": невозможно преобразовать аргумент 2 из "const _Ty" в "std::basic_ios<char,std::char_traits<char>> &(__cdecl *)(std::basic_ios<char,std::char_traits<char>> &)"
          with
          [
              _Ty=worker
          ]
              C:\Users\Данил\source\repos\Mitarbeiter\Mitarbeiter\Mitarbeiter.cpp(62,25):
              Для выполнения данного преобразования нет доступного оператора преобразования, определенного пользователем, или вызов оператора невозможен
      C:\Program Files\Microsoft Visual Studio\2022\Community\VC\Tools\MSVC\14.41.34120\include\ostream(195,39):
      или       "std::basic_ostream<char,std::char_traits<char>> &std::basic_ostream<char,std::char_traits<char>>::operator <<(std::basic_ostream<char,std::char_traits<char>> &(__cdecl *)(std::basic_ostream<char,std::char_traits<char>> &))"
          C:\Users\Данил\source\repos\Mitarbeiter\Mitarbeiter\Mitarbeiter.cpp(62,17):
          "std::basic_ostream<char,std::char_traits<char>> &std::basic_ostream<char,std::char_traits<char>>::operator <<(std::basic_ostream<char,std::char_traits<char>> &(__cdecl *)(std::basic_ostream<char,std::char_traits<char>> &))": невозможно преобразовать аргумент 2 из "const _Ty" в "std::basic_ostream<char,std::char_traits<char>> &(__cdecl *)(std::basic_ostream<char,std::char_traits<char>> &)"
          with
          [
              _Ty=worker
          ]
              C:\Users\Данил\source\repos\Mitarbeiter\Mitarbeiter\Mitarbeiter.cpp(62,25):
              Для выполнения данного преобразования нет доступного оператора преобразования, определенного пользователем, или вызов оператора невозможен
      C:\Program Files\Microsoft Visual Studio\2022\Community\VC\Tools\MSVC\14.41.34120\include\ostream(1088,32):
      или       "std::basic_ostream<_Elem,_Traits> &std::operator <<(std::basic_ostream<_Elem,_Traits> &,const std::error_code &)"
          C:\Users\Данил\source\repos\Mitarbeiter\Mitarbeiter\Mitarbeiter.cpp(62,25):
          инициализация: невозможно преобразовать "const _Ty" в "const std::error_code &"
          with
          [
              _Ty=worker
          ]
              C:\Users\Данил\source\repos\Mitarbeiter\Mitarbeiter\Mitarbeiter.cpp(62,25):
              Причина: невозможно преобразовать "const _Ty" в "const std::error_code"
          with
          [
              _Ty=worker
          ]
              C:\Users\Данил\source\repos\Mitarbeiter\Mitarbeiter\Mitarbeiter.cpp(62,25):
              Для выполнения данного преобразования нет доступного оператора преобразования, определенного пользователем, или вызов оператора невозможен
      C:\Program Files\Microsoft Visual Studio\2022\Community\VC\Tools\MSVC\14.41.34120\include\ostream(1011,9):
      или       "_Ostr &&std::operator <<(_Ostr &&,const _Ty &)"
          C:\Users\Данил\source\repos\Mitarbeiter\Mitarbeiter\Mitarbeiter.cpp(62,17):
          "_Ostr &&std::operator <<(_Ostr &&,const _Ty &)": не удается вывести аргумент шаблон для "__formal"
              C:\Program Files\Microsoft Visual Studio\2022\Community\VC\Tools\MSVC\14.41.34120\include\ostream(1010,103):
              "<template-parameter>": невозможно создать указатель на ссылку
      C:\Program Files\Microsoft Visual Studio\2022\Community\VC\Tools\MSVC\14.41.34120\include\ostream(953,31):
      или       "std::basic_ostream<char,_Traits> &std::operator <<(std::basic_ostream<char,_Traits> &,unsigned char)"
          C:\Users\Данил\source\repos\Mitarbeiter\Mitarbeiter\Mitarbeiter.cpp(62,25):
          инициализация: невозможно преобразовать "const _Ty" в "unsigned char"
          with
          [
              _Ty=worker
          ]
              C:\Users\Данил\source\repos\Mitarbeiter\Mitarbeiter\Mitarbeiter.cpp(62,25):
              Для выполнения данного преобразования нет доступного оператора преобразования, определенного пользователем, или вызов оператора невозможен
      C:\Program Files\Microsoft Visual Studio\2022\Community\VC\Tools\MSVC\14.41.34120\include\ostream(947,31):
      или       "std::basic_ostream<char,_Traits> &std::operator <<(std::basic_ostream<char,_Traits> &,const unsigned char *)"
          C:\Users\Данил\source\repos\Mitarbeiter\Mitarbeiter\Mitarbeiter.cpp(62,25):
          инициализация: невозможно преобразовать "const _Ty" в "const unsigned char *"
          with
          [
              _Ty=worker
          ]
              C:\Users\Данил\source\repos\Mitarbeiter\Mitarbeiter\Mitarbeiter.cpp(62,25):
              Для выполнения данного преобразования нет доступного оператора преобразования, определенного пользователем, или вызов оператора невозможен
      C:\Program Files\Microsoft Visual Studio\2022\Community\VC\Tools\MSVC\14.41.34120\include\ostream(942,31):
      или       "std::basic_ostream<char,_Traits> &std::operator <<(std::basic_ostream<char,_Traits> &,signed char)"
          C:\Users\Данил\source\repos\Mitarbeiter\Mitarbeiter\Mitarbeiter.cpp(62,25):
          инициализация: невозможно преобразовать "const _Ty" в "signed char"
          with
          [
              _Ty=worker
          ]
              C:\Users\Данил\source\repos\Mitarbeiter\Mitarbeiter\Mitarbeiter.cpp(62,25):
              Для выполнения данного преобразования нет доступного оператора преобразования, определенного пользователем, или вызов оператора невозможен
      C:\Program Files\Microsoft Visual Studio\2022\Community\VC\Tools\MSVC\14.41.34120\include\ostream(936,31):
      или       "std::basic_ostream<char,_Traits> &std::operator <<(std::basic_ostream<char,_Traits> &,const signed char *)"
          C:\Users\Данил\source\repos\Mitarbeiter\Mitarbeiter\Mitarbeiter.cpp(62,25):
          инициализация: невозможно преобразовать "const _Ty" в "const signed char *"
          with
          [
              _Ty=worker
          ]
              C:\Users\Данил\source\repos\Mitarbeiter\Mitarbeiter\Mitarbeiter.cpp(62,25):
              Для выполнения данного преобразования нет доступного оператора преобразования, определенного пользователем, или вызов оператора невозможен
      C:\Program Files\Microsoft Visual Studio\2022\Community\VC\Tools\MSVC\14.41.34120\include\ostream(900,32):
      или       "std::basic_ostream<_Elem,_Traits> &std::operator <<(std::basic_ostream<_Elem,_Traits> &,_Elem)"
          C:\Users\Данил\source\repos\Mitarbeiter\Mitarbeiter\Mitarbeiter.cpp(62,17):
          "std::basic_ostream<_Elem,_Traits> &std::operator <<(std::basic_ostream<_Elem,_Traits> &,_Elem)": в шаблон параметр "_Elem" неоднозначен
              C:\Users\Данил\source\repos\Mitarbeiter\Mitarbeiter\Mitarbeiter.cpp(62,17):
              может быть "_Ty"
          with
          [
              _Ty=worker
          ]
              C:\Users\Данил\source\repos\Mitarbeiter\Mitarbeiter\Mitarbeiter.cpp(62,17):
              или       "char"
          C:\Users\Данил\source\repos\Mitarbeiter\Mitarbeiter\Mitarbeiter.cpp(62,17):
          'std::basic_ostream<_Elem,_Traits> &std::operator <<(std::basic_ostream<_Elem,_Traits> &,_Elem)': не удалось вывести аргумент шаблон для '_Elem' из 'const _Ty'
          with
          [
              _Ty=worker
          ]
      C:\Program Files\Microsoft Visual Studio\2022\Community\VC\Tools\MSVC\14.41.34120\include\ostream(857,32):
      или       "std::basic_ostream<_Elem,_Traits> &std::operator <<(std::basic_ostream<_Elem,_Traits> &,const _Elem *)"
          C:\Users\Данил\source\repos\Mitarbeiter\Mitarbeiter\Mitarbeiter.cpp(62,17):
          'std::basic_ostream<_Elem,_Traits> &std::operator <<(std::basic_ostream<_Elem,_Traits> &,const _Elem *)': не удалось вывести аргумент шаблон для 'const _Elem *' из 'const _Ty'
          with
          [
              _Ty=worker
          ]
      C:\Program Files\Microsoft Visual Studio\2022\Community\VC\Tools\MSVC\14.41.34120\include\ostream(819,31):
      или       "std::basic_ostream<char,_Traits> &std::operator <<(std::basic_ostream<char,_Traits> &,char)"
          C:\Users\Данил\source\repos\Mitarbeiter\Mitarbeiter\Mitarbeiter.cpp(62,25):
          инициализация: невозможно преобразовать "const _Ty" в "char"
          with
          [
              _Ty=worker
          ]
              C:\Users\Данил\source\repos\Mitarbeiter\Mitarbeiter\Mitarbeiter.cpp(62,25):
              Для выполнения данного преобразования нет доступного оператора преобразования, определенного пользователем, или вызов оператора невозможен
      C:\Program Files\Microsoft Visual Studio\2022\Community\VC\Tools\MSVC\14.41.34120\include\ostream(774,31):
      или       "std::basic_ostream<char,_Traits> &std::operator <<(std::basic_ostream<char,_Traits> &,const char *)"
          C:\Users\Данил\source\repos\Mitarbeiter\Mitarbeiter\Mitarbeiter.cpp(62,25):
          инициализация: невозможно преобразовать "const _Ty" в "const char *"
          with
          [
              _Ty=worker
          ]
              C:\Users\Данил\source\repos\Mitarbeiter\Mitarbeiter\Mitarbeiter.cpp(62,25):
              Для выполнения данного преобразования нет доступного оператора преобразования, определенного пользователем, или вызов оператора невозможен
      C:\Program Files\Microsoft Visual Studio\2022\Community\VC\Tools\MSVC\14.41.34120\include\ostream(738,32):
      или       "std::basic_ostream<_Elem,_Traits> &std::operator <<(std::basic_ostream<_Elem,_Traits> &,char)"
          C:\Users\Данил\source\repos\Mitarbeiter\Mitarbeiter\Mitarbeiter.cpp(62,25):
          инициализация: невозможно преобразовать "const _Ty" в "char"
          with
          [
              _Ty=worker
          ]
              C:\Users\Данил\source\repos\Mitarbeiter\Mitarbeiter\Mitarbeiter.cpp(62,25):
              Для выполнения данного преобразования нет доступного оператора преобразования, определенного пользователем, или вызов оператора невозможен
      C:\Program Files\Microsoft Visual Studio\2022\Community\VC\Tools\MSVC\14.41.34120\include\ostream(694,32):
      или       "std::basic_ostream<_Elem,_Traits> &std::operator <<(std::basic_ostream<_Elem,_Traits> &,const char *)"
          C:\Users\Данил\source\repos\Mitarbeiter\Mitarbeiter\Mitarbeiter.cpp(62,25):
          инициализация: невозможно преобразовать "const _Ty" в "const char *"
          with
          [
              _Ty=worker
          ]
              C:\Users\Данил\source\repos\Mitarbeiter\Mitarbeiter\Mitarbeiter.cpp(62,25):
              Для выполнения данного преобразования нет доступного оператора преобразования, определенного пользователем, или вызов оператора невозможен
      C:\Program Files\Microsoft Visual Studio\2022\Community\VC\Tools\MSVC\14.41.34120\include\memory(3761,32):
      или       "std::basic_ostream<_Elem,_Traits> &std::operator <<(std::basic_ostream<_Elem,_Traits> &,const std::unique_ptr<_Ty2,_Dx2> &)"
          C:\Users\Данил\source\repos\Mitarbeiter\Mitarbeiter\Mitarbeiter.cpp(62,17):
          'std::basic_ostream<_Elem,_Traits> &std::operator <<(std::basic_ostream<_Elem,_Traits> &,const std::unique_ptr<_Ty2,_Dx2> &)': не удалось вывести аргумент шаблон для 'const std::unique_ptr<_Ty2,_Dx2> &' из 'const _Ty'
          with
          [
              _Ty=worker
          ]
      C:\Program Files\Microsoft Visual Studio\2022\Community\VC\Tools\MSVC\14.41.34120\include\memory(1979,32):
      или       "std::basic_ostream<_Elem,_Traits> &std::operator <<(std::basic_ostream<_Elem,_Traits> &,const std::shared_ptr<_Ty> &)"
          C:\Users\Данил\source\repos\Mitarbeiter\Mitarbeiter\Mitarbeiter.cpp(62,17):
          'std::basic_ostream<_Elem,_Traits> &std::operator <<(std::basic_ostream<_Elem,_Traits> &,const std::shared_ptr<_Ty> &)': не удалось вывести аргумент шаблон для 'const std::shared_ptr<_Ty> &' из 'const _Ty'
          with
          [
              _Ty=worker
          ]
      C:\Program Files\Microsoft Visual Studio\2022\Community\VC\Tools\MSVC\14.41.34120\include\xstring(3420,32):
      или       "std::basic_ostream<_Elem,_Traits> &std::operator <<(std::basic_ostream<_Elem,_Traits> &,const std::basic_string<_Elem,_Traits,_Alloc> &)"
          C:\Users\Данил\source\repos\Mitarbeiter\Mitarbeiter\Mitarbeiter.cpp(62,17):
          'std::basic_ostream<_Elem,_Traits> &std::operator <<(std::basic_ostream<_Elem,_Traits> &,const std::basic_string<_Elem,_Traits,_Alloc> &)': не удалось вывести аргумент шаблон для 'const std::basic_string<_Elem,_Traits,_Alloc> &' из 'const _Ty'
          with
          [
              _Ty=worker
          ]
      C:\Users\Данил\source\repos\Mitarbeiter\Mitarbeiter\Mitarbeiter.cpp(62,17):
      при попытке сопоставить список аргументов "(std::ostream, const _Ty)"
          with
          [
              _Ty=worker
          ]
  
